Start testing: Dec 21 18:53 EST
----------------------------------------------------------
1/6 Testing: linFrac
1/6 Test: linFrac
Command: "/home/bk/googleDrive/prog/proj/math/root/UnitTests/linFrac_test"
Directory: /home/bk/googleDrive/prog/proj/math/root
"linFrac" start time: Dec 21 18:53 EST
Output:
----------------------------------------------------------
root: 2.23607
Iterations: 3
<end of output>
Test time =   0.00 sec
----------------------------------------------------------
Test Passed.
"linFrac" end time: Dec 21 18:53 EST
"linFrac" time elapsed: 00:00:00
----------------------------------------------------------

2/6 Testing: invQuad
2/6 Test: invQuad
Command: "/home/bk/googleDrive/prog/proj/math/root/UnitTests/invQuad_test"
Directory: /home/bk/googleDrive/prog/proj/math/root
"invQuad" start time: Dec 21 18:53 EST
Output:
----------------------------------------------------------
root: 2.23606
Iterations: 4
<end of output>
Test time =   0.00 sec
----------------------------------------------------------
Test Passed.
"invQuad" end time: Dec 21 18:53 EST
"invQuad" time elapsed: 00:00:00
----------------------------------------------------------

3/6 Testing: secant
3/6 Test: secant
Command: "/home/bk/googleDrive/prog/proj/math/root/UnitTests/secant_test"
Directory: /home/bk/googleDrive/prog/proj/math/root
"secant" start time: Dec 21 18:53 EST
Output:
----------------------------------------------------------
root: 2.23606
Iterations: 4
root: 1.30653  Iterations: 3
root: 3.6732  Iterations: 4
root: 1.30657  Iterations: 9
root: 1.30658  Iterations: 6
root: 3.6732  Iterations: 10
root: 1.30657  Iterations: 12
root: -1.30654  Iterations: 6
root: -1.30654  Iterations: 20
root: -1.30656  Iterations: 6
root: 1.30654  Iterations: 6
root: -1.30654  Iterations: 7
root: -3.67319  Iterations: 16
root: 1.30655  Iterations: 10
root: -1.30655  Iterations: 6
root: 1.30652  Iterations: 9
root: -1.30655  Iterations: 5
root: 3.67319  Iterations: 19
root: -1.30654  Iterations: 10
root: -1.30655  Iterations: 8
root: -1.30654  Iterations: 8
Beam 
root: -8.63935  Iterations: 21
root: 2.34705  Iterations: 5
root: 5.49777  Iterations: 5
root: 8.63938  Iterations: 5
root: 11.781  Iterations: 5
root: 14.9226  Iterations: 5
root: 18.0642  Iterations: 5
root: 21.2057  Iterations: 5
root: 24.3473  Iterations: 5
root: 27.4889  Iterations: 5
root: 30.6305  Iterations: 5
root: 33.7721  Iterations: 5
root: 36.9137  Iterations: 5
root: 40.0553  Iterations: 5
root: 43.1969  Iterations: 5
root: 46.3385  Iterations: 5
root: 49.4801  Iterations: 5
root: 52.6217  Iterations: 5
root: 55.7633  Iterations: 5
root: 58.9049  Iterations: 5
<end of output>
Test time =   0.00 sec
----------------------------------------------------------
Test Passed.
"secant" end time: Dec 21 18:53 EST
"secant" time elapsed: 00:00:00
----------------------------------------------------------

4/6 Testing: newton
4/6 Test: newton
Command: "/home/bk/googleDrive/prog/proj/math/root/UnitTests/newton_test"
Directory: /home/bk/googleDrive/prog/proj/math/root
"newton" start time: Dec 21 18:53 EST
Output:
----------------------------------------------------------
root: 2.23607
Iterations: 3

 Kepler: 
root: 1.4987
Iterations: 2
<end of output>
Test time =   0.00 sec
----------------------------------------------------------
Test Passed.
"newton" end time: Dec 21 18:53 EST
"newton" time elapsed: 00:00:00
----------------------------------------------------------

5/6 Testing: bisection
5/6 Test: bisection
Command: "/home/bk/googleDrive/prog/proj/math/root/UnitTests/bisection_test"
Directory: /home/bk/googleDrive/prog/proj/math/root
"bisection" start time: Dec 21 18:53 EST
Output:
----------------------------------------------------------
Bisection 
root: 2.23606
Iterations: 16
Bisection/Secant hybrid
root: 2.23608
Iterations: 3
root: 1.30654  Iterations: 13  Hybrid Iterations: 2
root: 3.6732  Iterations: 13  Hybrid Iterations: 8
root: 6.58462  Iterations: 17  Hybrid Iterations: 8
root: 9.63169  Iterations: 18  Hybrid Iterations: 8
root: 12.7232  Iterations: 18  Hybrid Iterations: 10
root: 15.8341  Iterations: 17  Hybrid Iterations: 8
root: 18.955  Iterations: 19  Hybrid Iterations: 8
root: 22.0817  Iterations: 20  Hybrid Iterations: 10
root: 25.212  Iterations: 21  Hybrid Iterations: 11
root: 28.3449  Iterations: 18  Hybrid Iterations: 11
root: 31.4794  Iterations: 18  Hybrid Iterations: 11
root: 34.6153  Iterations: 22  Hybrid Iterations: 9
root: 37.7521  Iterations: 20  Hybrid Iterations: 11
root: 40.8896  Iterations: 21  Hybrid Iterations: 9
root: 44.0277  Iterations: 19  Hybrid Iterations: 11
root: 47.1663  Iterations: 22  Hybrid Iterations: 9
root: 50.3052  Iterations: 22  Hybrid Iterations: 11
root: 53.4445  Iterations: 19  Hybrid Iterations: 8
root: 56.584  Iterations: 21  Hybrid Iterations: 11
root: 59.7237  Iterations: 23  Hybrid Iterations: 9
Beam 
root: 2.347  Iterations: 8
root: 5.49779  Iterations: 0
root: 8.63938  Iterations: 0
root: 11.781  Iterations: 0
root: 14.9226  Iterations: 0
root: 18.0642  Iterations: 0
root: 21.2058  Iterations: 0
root: 24.3473  Iterations: 0
root: 27.4889  Iterations: 0
root: 30.6305  Iterations: 0
<end of output>
Test time =   0.01 sec
----------------------------------------------------------
Test Passed.
"bisection" end time: Dec 21 18:53 EST
"bisection" time elapsed: 00:00:00
----------------------------------------------------------

6/6 Testing: fixedPoint
6/6 Test: fixedPoint
Command: "/home/bk/googleDrive/prog/proj/math/root/UnitTests/fixedPoint_test"
Directory: /home/bk/googleDrive/prog/proj/math/root
"fixedPoint" start time: Dec 21 18:53 EST
Output:
----------------------------------------------------------
root: 2.23606
Iterations: 5

 Kepler: 
root: 1.4987
Iterations: 3
<end of output>
Test time =   0.00 sec
----------------------------------------------------------
Test Passed.
"fixedPoint" end time: Dec 21 18:53 EST
"fixedPoint" time elapsed: 00:00:00
----------------------------------------------------------

End testing: Dec 21 18:53 EST
