Start testing: Oct 09 09:55 EDT
----------------------------------------------------------
1/5 Testing: shape
1/5 Test: shape
Command: "/home/bk/prog/math/geom/UnitTests/shape_test"
Directory: /home/bk/prog/math/geom
"shape" start time: Oct 09 09:55 EDT
Output:
----------------------------------------------------------
100.024
average x
average y
average z
<end of output>
Test time =   0.00 sec
----------------------------------------------------------
Test Passed.
"shape" end time: Oct 09 09:55 EDT
"shape" time elapsed: 00:00:00
----------------------------------------------------------

2/5 Testing: Ident
2/5 Test: Ident
Command: "/home/bk/prog/math/geom/UnitTests/Ident_test"
Directory: /home/bk/prog/math/geom
"Ident" start time: Oct 09 09:55 EDT
Output:
----------------------------------------------------------
<end of output>
Test time =   0.00 sec
----------------------------------------------------------
Test Passed.
"Ident" end time: Oct 09 09:55 EDT
"Ident" time elapsed: 00:00:00
----------------------------------------------------------

3/5 Testing: pointID
3/5 Test: pointID
Command: "/home/bk/prog/math/geom/UnitTests/pointID_test"
Directory: /home/bk/prog/math/geom
"pointID" start time: Oct 09 09:55 EDT
Output:
----------------------------------------------------------
<end of output>
Test time =   0.00 sec
----------------------------------------------------------
Test Passed.
"pointID" end time: Oct 09 09:55 EDT
"pointID" time elapsed: 00:00:00
----------------------------------------------------------

4/5 Testing: point
4/5 Test: point
Command: "/home/bk/prog/math/geom/UnitTests/point_test"
Directory: /home/bk/prog/math/geom
"point" start time: Oct 09 09:55 EDT
Output:
----------------------------------------------------------
<end of output>
Test time =   0.00 sec
----------------------------------------------------------
Test Passed.
"point" end time: Oct 09 09:55 EDT
"point" time elapsed: 00:00:00
----------------------------------------------------------

5/5 Testing: vect
5/5 Test: vect
Command: "/home/bk/prog/math/geom/UnitTests/vect_test"
Directory: /home/bk/prog/math/geom
"vect" start time: Oct 09 09:55 EDT
Output:
----------------------------------------------------------
<end of output>
Test time =   0.00 sec
----------------------------------------------------------
Test Passed.
"vect" end time: Oct 09 09:55 EDT
"vect" time elapsed: 00:00:00
----------------------------------------------------------

End testing: Oct 09 09:55 EDT
