Start testing: Dec 21 16:52 EST
----------------------------------------------------------
1/2 Testing: surface
1/2 Test: surface
Command: "/home/bk/googleDrive/prog/proj/math/surface/UnitTests/surface_test"
Directory: /home/bk/googleDrive/prog/proj/math/surface
"surface" start time: Dec 21 16:52 EST
Output:
----------------------------------------------------------
Vector( 3 ) = 
  [   64.0000 ]
  [  512.0000 ]
  [  108.0000 ]

Vector( 3 ) = 
  [    2.0000 ]
  [    4.0000 ]
  [    6.0000 ]

Vector( 3 ) = 
  [    3.0000 ]
  [   -1.0000 ]
  [    0.0000 ]

Matrix( 3x3 ) = 
  [  192.0000     0.0000     0.0000  ]
  [    0.0000   768.0000     0.0000  ]
  [    0.0000     0.0000   108.0000  ]

<end of output>
Test time =   0.00 sec
----------------------------------------------------------
Test Passed.
"surface" end time: Dec 21 16:52 EST
"surface" time elapsed: 00:00:00
----------------------------------------------------------

2/2 Testing: vectValFunc
2/2 Test: vectValFunc
Command: "/home/bk/googleDrive/prog/proj/math/surface/UnitTests/vectValFunc_test"
Directory: /home/bk/googleDrive/prog/proj/math/surface
"vectValFunc" start time: Dec 21 16:52 EST
Output:
----------------------------------------------------------
showing how to find the vector output for input vector { 1, 2, 3}: 
f( {1, 2, 3} ) = 
Vector( 3 ) = 
  [  353.0000 ]
  [   14.0000 ]
  [   -1.0000 ]

 solving for f({x}) = { 16.0, 3.0, 0.0 } 
x: Vector( 3 ) = 
  [    0.8780 ]
  [    0.6768 ]
  [    1.3309 ]

x: Vector( 2 ) = 
  [   -4.5152 ]
  [   -2.1477 ]

x: Vector( 2 ) = 
  [   -1.7341 ]
  [   -4.6897 ]

x: Vector( 2 ) = 
  [   -2.0403 ]
  [    4.5648 ]

x: Vector( 2 ) = 
  [   -4.9239 ]
  [   -0.8690 ]

x: Vector( 2 ) = 
  [    4.2008 ]
  [    2.7117 ]

x: Vector( 2 ) = 
  [    4.8362 ]
  [   -1.2694 ]

x: Vector( 2 ) = 
  [    0.0001 ]
  [   -5.0000 ]

x: Vector( 2 ) = 
  [    5.0000 ]
  [    0.0001 ]

<end of output>
Test time =   0.57 sec
----------------------------------------------------------
Test Passed.
"vectValFunc" end time: Dec 21 16:52 EST
"vectValFunc" time elapsed: 00:00:00
----------------------------------------------------------

End testing: Dec 21 16:52 EST
