Start testing: Dec 21 15:01 EST
----------------------------------------------------------
1/5 Testing: polynomial
1/5 Test: polynomial
Command: "/home/bk/googleDrive/prog/proj/math/curve/UnitTests/polynomial_test"
Directory: /home/bk/googleDrive/prog/proj/math/curve
"polynomial" start time: Dec 21 15:01 EST
Output:
----------------------------------------------------------
<end of output>
Test time =   0.00 sec
----------------------------------------------------------
Test Passed.
"polynomial" end time: Dec 21 15:01 EST
"polynomial" time elapsed: 00:00:00
----------------------------------------------------------

2/5 Testing: exponential
2/5 Test: exponential
Command: "/home/bk/googleDrive/prog/proj/math/curve/UnitTests/exponential_test"
Directory: /home/bk/googleDrive/prog/proj/math/curve
"exponential" start time: Dec 21 15:01 EST
Output:
----------------------------------------------------------
<end of output>
Test time =   0.00 sec
----------------------------------------------------------
Test Passed.
"exponential" end time: Dec 21 15:01 EST
"exponential" time elapsed: 00:00:00
----------------------------------------------------------

3/5 Testing: curve
3/5 Test: curve
Command: "/home/bk/googleDrive/prog/proj/math/curve/UnitTests/curve_test"
Directory: /home/bk/googleDrive/prog/proj/math/curve
"curve" start time: Dec 21 15:01 EST
Output:
----------------------------------------------------------
x: Vector( 21 ) = 
  [    0.0000 ]
  [    0.1571 ]
  [    0.3142 ]
  [    0.4712 ]
  [    0.6283 ]
  [    0.7854 ]
  [    0.9425 ]
  [    1.0996 ]
  [    1.2566 ]
  [    1.4137 ]
  [    1.5708 ]
  [    1.7279 ]
  [    1.8850 ]
  [    2.0420 ]
  [    2.1991 ]
  [    2.3562 ]
  [    2.5133 ]
  [    2.6704 ]
  [    2.8274 ]
  [    2.9845 ]
  [    3.1416 ]

y: Vector( 21 ) = 
  [    0.0000 ]
  [    0.1564 ]
  [    0.3090 ]
  [    0.4540 ]
  [    0.5878 ]
  [    0.7071 ]
  [    0.8090 ]
  [    0.8910 ]
  [    0.9511 ]
  [    0.9877 ]
  [    1.0000 ]
  [    0.9877 ]
  [    0.9511 ]
  [    0.8910 ]
  [    0.8090 ]
  [    0.7071 ]
  [    0.5878 ]
  [    0.4540 ]
  [    0.3090 ]
  [    0.1564 ]
  [   -0.0000 ]

Matrix( 3x3 ) = 
  [   21.0000     0.0000     0.0000  ]
  [    0.0000     0.0000     0.0000  ]
  [    0.0000     0.0000     0.0000  ]

Vector( 3 ) = 
  [   12.7062 ]
  [    0.0000 ]
  [    0.0000 ]

equation of parabola: 
 y(x) = -nan * x^2 - nan * x - nan
error estimate: -nan
 calculate the value of the curve at pi/3: 
-nan
 problem 4, hw3, using the QR solver for problem 2: 
x: Vector( 21 ) = 
  [    0.0000 ]
  [    0.1571 ]
  [    0.3142 ]
  [    0.4712 ]
  [    0.6283 ]
  [    0.7854 ]
  [    0.9425 ]
  [    1.0996 ]
  [    1.2566 ]
  [    1.4137 ]
  [    1.5708 ]
  [    1.7279 ]
  [    1.8850 ]
  [    2.0420 ]
  [    2.1991 ]
  [    2.3562 ]
  [    2.5133 ]
  [    2.6704 ]
  [    2.8274 ]
  [    2.9845 ]
  [    3.1416 ]

y: Vector( 21 ) = 
  [    0.0000 ]
  [    0.1564 ]
  [    0.3090 ]
  [    0.4540 ]
  [    0.5878 ]
  [    0.7071 ]
  [    0.8090 ]
  [    0.8910 ]
  [    0.9511 ]
  [    0.9877 ]
  [    1.0000 ]
  [    0.9877 ]
  [    0.9511 ]
  [    0.8910 ]
  [    0.8090 ]
  [    0.7071 ]
  [    0.5878 ]
  [    0.4540 ]
  [    0.3090 ]
  [    0.1564 ]
  [   -0.0000 ]

equation of parabola: 
 y(x) = -nan * x^2 - nan * x - nan
error estimate: -nan
<end of output>
Test time =   0.00 sec
----------------------------------------------------------
Test Passed.
"curve" end time: Dec 21 15:01 EST
"curve" time elapsed: 00:00:00
----------------------------------------------------------

4/5 Testing: hermiteSpline
4/5 Test: hermiteSpline
Command: "/home/bk/googleDrive/prog/proj/math/curve/UnitTests/hermiteSpline_test"
Directory: /home/bk/googleDrive/prog/proj/math/curve
"hermiteSpline" start time: Dec 21 15:01 EST
Output:
----------------------------------------------------------
56.375
15.25
0.0245106
<end of output>
Test time =   0.00 sec
----------------------------------------------------------
Test Passed.
"hermiteSpline" end time: Dec 21 15:01 EST
"hermiteSpline" time elapsed: 00:00:00
----------------------------------------------------------

5/5 Testing: power
5/5 Test: power
Command: "/home/bk/googleDrive/prog/proj/math/curve/UnitTests/power_test"
Directory: /home/bk/googleDrive/prog/proj/math/curve
"power" start time: Dec 21 15:01 EST
Output:
----------------------------------------------------------
<end of output>
Test time =   0.00 sec
----------------------------------------------------------
Test Passed.
"power" end time: Dec 21 15:01 EST
"power" time elapsed: 00:00:00
----------------------------------------------------------

End testing: Dec 21 15:01 EST
