Start testing: Dec 21 20:29 EST
----------------------------------------------------------
1/6 Testing: minFinder
1/6 Test: minFinder
Command: "/home/bk/googleDrive/prog/proj/math/optim/UnitTests/minFinder_test"
Directory: /home/bk/googleDrive/prog/proj/math/optim
"minFinder" start time: Dec 21 20:29 EST
Output:
----------------------------------------------------------
<end of output>
Test time =   0.00 sec
----------------------------------------------------------
Test Passed.
"minFinder" end time: Dec 21 20:29 EST
"minFinder" time elapsed: 00:00:00
----------------------------------------------------------

2/6 Testing: newton
2/6 Test: newton
Command: "/home/bk/googleDrive/prog/proj/math/optim/UnitTests/newton_test"
Directory: /home/bk/googleDrive/prog/proj/math/optim
"newton" start time: Dec 21 20:29 EST
Output:
----------------------------------------------------------
minimum around x=1.5 
function a: 
iterations: 5
0.780884
function b: 
iterations: 3
0.739085
function c: 
iterations: 4
1.89549
function d: 
iterations: 1
1.49611
 function 5: 
iterations: 5
min point: Vector( 2 ) = 
  [    1.8685 ]
  [    0.4343 ]

 function 6: 
iterations: 10
min point: Vector( 4 ) = 
  [    0.0001 ]
  [    0.0001 ]
  [    0.0001 ]
  [    0.0001 ]

 exam problem 5, (-1,1): 
iterations: 2
min point: Vector( 2 ) = 
  [    0.5000 ]
  [    0.2500 ]

 exam problem 5, (0,1): 
iterations: 3
min point: Vector( 2 ) = 
  [    0.5000 ]
  [    0.2500 ]

 exam problem 5, (2,1): 
iterations: 5
min point: Vector( 2 ) = 
  [    0.5000 ]
  [    0.2500 ]

 exam problem 6, guess (0,0): 
iterations: 3
min point: Vector( 2 ) = 
  [    2.1529 ]
  [    0.0000 ]

<end of output>
Test time =   0.00 sec
----------------------------------------------------------
Test Passed.
"newton" end time: Dec 21 20:29 EST
"newton" time elapsed: 00:00:00
----------------------------------------------------------

3/6 Testing: gradDescent
3/6 Test: gradDescent
Command: "/home/bk/googleDrive/prog/proj/math/optim/UnitTests/gradDescent_test"
Directory: /home/bk/googleDrive/prog/proj/math/optim
"gradDescent" start time: Dec 21 20:29 EST
Output:
----------------------------------------------------------
minimum around x=1.5 
function a: 
iterations: 18
0.780884
function b: 
iterations: 342
0.739091
function c: 
iterations: 178
1.89549
function d: 
iterations: 346
1.49613
 function 5: 
iterations: 234
min point: Vector( 2 ) = 
  [    1.8685 ]
  [    0.4343 ]

 exam problem 5, (-1,1): 
iterations: 3160
min point: Vector( 2 ) = 
  [    0.5000 ]
  [    0.2500 ]

 exam problem 5, (0,1): 
iterations: 2874
min point: Vector( 2 ) = 
  [    0.5000 ]
  [    0.2500 ]

 exam problem 5, (2,1): 
iterations: 3172
min point: Vector( 2 ) = 
  [    0.5000 ]
  [    0.2500 ]

 exam problem 6, (0,0): 
iterations: 2190
min point: Vector( 2 ) = 
  [    2.1529 ]
  [    0.0000 ]

 function 6: 
iterations: 1000
min point: Vector( 4 ) = 
  [32745031.4362 ]
  [    0.0000 ]
  [    0.0000 ]
  [    0.0000 ]

<end of output>
Test time =   0.03 sec
----------------------------------------------------------
Test Passed.
"gradDescent" end time: Dec 21 20:29 EST
"gradDescent" time elapsed: 00:00:00
----------------------------------------------------------

4/6 Testing: bigd
4/6 Test: bigd
Command: "/home/bk/googleDrive/prog/proj/math/optim/UnitTests/bigd_test"
Directory: /home/bk/googleDrive/prog/proj/math/optim
"bigd" start time: Dec 21 20:29 EST
Output:
----------------------------------------------------------
 function 5: 
iterations: 174
min point: Vector( 2 ) = 
  [    1.8685 ]
  [    0.4343 ]

iterations: 1
min point: Vector( 4 ) = 
  [    0.0000 ]
  [    0.0000 ]
  [    0.0000 ]
  [    1.0000 ]

<end of output>
Test time =   0.00 sec
----------------------------------------------------------
Test Passed.
"bigd" end time: Dec 21 20:29 EST
"bigd" time elapsed: 00:00:00
----------------------------------------------------------

5/6 Testing: goldenSection
5/6 Test: goldenSection
Command: "/home/bk/googleDrive/prog/proj/math/optim/UnitTests/goldenSection_test"
Directory: /home/bk/googleDrive/prog/proj/math/optim
"goldenSection" start time: Dec 21 20:29 EST
Output:
----------------------------------------------------------
minimums in interval 0 - 3
function a: 
0.780886
function b: 
0.739086
function c: 
1.89549
function d: 
1.49611
<end of output>
Test time =   0.00 sec
----------------------------------------------------------
Test Passed.
"goldenSection" end time: Dec 21 20:29 EST
"goldenSection" time elapsed: 00:00:00
----------------------------------------------------------

6/6 Testing: conjGrad
6/6 Test: conjGrad
Command: "/home/bk/googleDrive/prog/proj/math/optim/UnitTests/conjGrad_test"
Directory: /home/bk/googleDrive/prog/proj/math/optim
"conjGrad" start time: Dec 21 20:29 EST
Output:
----------------------------------------------------------
 function 5: 
iterations: 239
min point: Vector( 2 ) = 
  [    1.8685 ]
  [    0.4343 ]

 function 6: 
iterations: 1000
min point: Vector( 4 ) = 
  [32582120.8371 ]
  [    0.0000 ]
  [    0.0000 ]
  [    0.0000 ]

<end of output>
Test time =   0.00 sec
----------------------------------------------------------
Test Passed.
"conjGrad" end time: Dec 21 20:29 EST
"conjGrad" time elapsed: 00:00:00
----------------------------------------------------------

End testing: Dec 21 20:29 EST
